2022-02-13 13:44:51,283 [Worker-5: Loading available Gradle versions] INFO  o.e.b.c.i.u.g.PublishedGradleVersions - Gradle version information cache is up-to-date. Trying to read.
2022-02-13 13:52:45,329 [Worker-7: Importing Maven projects] INFO  o.e.m.c.i.l.LifecycleMappingFactory - Using org.eclipse.m2e.jdt.JarLifecycleMapping lifecycle mapping for MavenProject: comp2001hka2p2:LibrariesWebApp:0.0.1-SNAPSHOT @ C:\Users\Sageras\OneDrive\PU\2021\COMP2001HKInfoManAndRetrieval\assessment-2-COMP2001HK-yiu.wong-1\Part2\LibrariesWebApp\pom.xml.
2022-02-13 13:52:47,489 [Worker-7: Importing Maven projects] INFO  o.e.m.j.i.AbstractJavaProjectConfigurator - Adding source folder /LibrariesWebApp/src/main/java
2022-02-13 13:52:47,490 [Worker-7: Importing Maven projects] INFO  o.e.m.j.i.AbstractJavaProjectConfigurator - Adding resource folder /LibrariesWebApp/src/main/resources
2022-02-13 13:52:47,497 [Worker-7: Importing Maven projects] INFO  o.e.m.j.i.AbstractJavaProjectConfigurator - Adding resource folder /LibrariesWebApp/src/main/resources
2022-02-13 13:52:47,505 [Worker-7: Importing Maven projects] INFO  o.e.m.j.i.AbstractJavaProjectConfigurator - Adding source folder /LibrariesWebApp/src/test/java
2022-02-13 13:52:49,810 [Worker-7: Importing Maven projects] INFO  o.e.m.c.i.p.ProjectConfigurationManager - Imported and configured 1 project(s) in 8 sec
2022-02-13 13:52:49,955 [Worker-23: Auto share git projects] WARN  org.eclipse.jgit.util.FS_Win32 - null
2022-02-13 13:52:50,708 [Worker-0: Building] INFO  o.e.m.c.i.embedder.EclipseLogger - Using 'UTF-8' encoding to copy filtered resources.
2022-02-13 13:52:50,708 [Worker-0: Building] INFO  o.e.m.c.i.embedder.EclipseLogger - Using 'UTF-8' encoding to copy filtered properties files.
2022-02-13 13:52:50,713 [Worker-0: Building] INFO  o.e.m.c.i.embedder.EclipseLogger - Copying 1 resource
2022-02-13 13:52:50,726 [Worker-0: Building] INFO  o.e.m.c.i.embedder.EclipseLogger - Copying 0 resource
2022-02-13 13:52:50,728 [Worker-0: Building] INFO  o.e.m.c.i.embedder.EclipseLogger - Using 'UTF-8' encoding to copy filtered resources.
2022-02-13 13:52:50,728 [Worker-0: Building] INFO  o.e.m.c.i.embedder.EclipseLogger - Using 'UTF-8' encoding to copy filtered properties files.
2022-02-13 13:52:50,729 [Worker-0: Building] INFO  o.e.m.c.i.embedder.EclipseLogger - skip non existing resourceDirectory C:\Users\Sageras\OneDrive\PU\2021\COMP2001HKInfoManAndRetrieval\assessment-2-COMP2001HK-yiu.wong-1\Part2\LibrariesWebApp\src\test\resources
2022-02-13 13:57:44,757 [Worker-7: Building] INFO  o.e.m.c.i.l.LifecycleMappingFactory - Using org.eclipse.m2e.jdt.JarLifecycleMapping lifecycle mapping for MavenProject: comp2001hka2p2:LibrariesWebApp:1.0.0 @ C:\Users\Sageras\OneDrive\PU\2021\COMP2001HKInfoManAndRetrieval\assessment-2-COMP2001HK-yiu.wong-1\Part2\LibrariesWebApp\pom.xml.
2022-02-13 13:57:45,149 [Worker-7: Building] INFO  o.e.m.c.i.embedder.EclipseLogger - Using 'UTF-8' encoding to copy filtered resources.
2022-02-13 13:57:45,151 [Worker-7: Building] INFO  o.e.m.c.i.embedder.EclipseLogger - Using 'UTF-8' encoding to copy filtered properties files.
2022-02-13 13:57:45,154 [Worker-7: Building] INFO  o.e.m.c.i.embedder.EclipseLogger - Copying 0 resource
2022-02-13 13:57:45,155 [Worker-7: Building] INFO  o.e.m.c.i.embedder.EclipseLogger - Copying 0 resource
2022-02-13 13:57:45,158 [Worker-7: Building] INFO  o.e.m.c.i.embedder.EclipseLogger - Using 'UTF-8' encoding to copy filtered resources.
2022-02-13 13:57:45,158 [Worker-7: Building] INFO  o.e.m.c.i.embedder.EclipseLogger - Using 'UTF-8' encoding to copy filtered properties files.
2022-02-13 13:57:45,158 [Worker-7: Building] INFO  o.e.m.c.i.embedder.EclipseLogger - skip non existing resourceDirectory C:\Users\Sageras\OneDrive\PU\2021\COMP2001HKInfoManAndRetrieval\assessment-2-COMP2001HK-yiu.wong-1\Part2\LibrariesWebApp\src\test\resources
